2024-11-06 22:41:59,237 - ERROR - Failed to fetch data from Pexels: 404
2024-11-06 22:48:42,042 - ERROR - Failed to fetch data from Pexels: 404
2024-11-06 23:02:52,645 - INFO - Downloaded D:\\MediaDatabase\pexels\priest\Illustrations\photos\HD\9-16\8718169.jpg
2024-11-06 23:02:56,344 - INFO - Downloaded D:\\MediaDatabase\pexels\priest\Illustrations\photos\HD\9-16\8717473.jpg
2024-11-06 23:02:58,925 - INFO - Downloaded D:\\MediaDatabase\pexels\priest\Illustrations\photos\HD\9-16\6159066.jpg
2024-11-06 23:03:00,293 - INFO - Downloaded D:\\MediaDatabase\pexels\priest\Illustrations\photos\HD\9-16\7110488.jpg
2024-11-06 23:03:01,420 - INFO - Downloaded D:\\MediaDatabase\pexels\priest\Illustrations\photos\HD\9-16\8719166.jpg
2024-11-06 23:03:02,684 - INFO - Downloaded D:\\MediaDatabase\pexels\priest\Illustrations\photos\HD\9-16\1741231.jpg
2024-11-06 23:03:05,302 - INFO - Downloaded D:\\MediaDatabase\pexels\priest\Illustrations\photos\HD\9-16\8817513.jpg
2024-11-06 23:03:05,964 - INFO - Downloaded D:\\MediaDatabase\pexels\priest\Illustrations\photos\HD\9-16\8815242.jpg
2024-11-06 23:03:07,051 - INFO - Downloaded D:\\MediaDatabase\pexels\priest\Illustrations\photos\HD\9-16\298825.jpg
2024-11-06 23:03:08,114 - INFO - Downloaded D:\\MediaDatabase\pexels\priest\Illustrations\photos\HD\9-16\7231429.jpg
2024-11-06 23:03:09,481 - INFO - Downloaded D:\\MediaDatabase\pexels\priest\Illustrations\photos\HD\9-16\8526623.jpg
2024-11-06 23:03:10,822 - INFO - Downloaded D:\\MediaDatabase\pexels\priest\Illustrations\photos\HD\9-16\1822605.jpg
2024-11-06 23:03:12,295 - INFO - Downloaded D:\\MediaDatabase\pexels\priest\Illustrations\photos\HD\9-16\6157226.jpg
2024-11-06 23:03:13,752 - INFO - Downloaded D:\\MediaDatabase\pexels\priest\Illustrations\photos\HD\9-16\8246016.jpg
2024-11-06 23:03:14,335 - INFO - Downloaded D:\\MediaDatabase\pexels\priest\Illustrations\photos\HD\9-16\7220099.jpg
2024-11-06 23:03:15,382 - INFO - Downloaded D:\\MediaDatabase\pexels\priest\Illustrations\photos\HD\9-16\8975641.jpg
2024-11-06 23:03:16,566 - INFO - Downloaded D:\\MediaDatabase\pexels\priest\Illustrations\photos\HD\9-16\8955320.jpg
2024-11-06 23:03:17,675 - INFO - Downloaded D:\\MediaDatabase\pexels\priest\Illustrations\photos\HD\9-16\7147711.jpg
2024-11-06 23:03:20,839 - INFO - Downloaded D:\\MediaDatabase\pexels\priest\Illustrations\photos\HD\9-16\8923032.jpg
2024-11-06 23:03:22,118 - INFO - Downloaded D:\\MediaDatabase\pexels\priest\Illustrations\photos\HD\9-16\8922331.jpg
2024-11-06 23:03:24,092 - INFO - Downloaded D:\\MediaDatabase\pexels\priest\Illustrations\photos\HD\9-16\8922328.jpg
2024-11-06 23:03:27,221 - INFO - Downloaded D:\\MediaDatabase\pexels\priest\Illustrations\photos\HD\9-16\8909612.jpg
2024-11-06 23:03:27,790 - INFO - Downloaded D:\\MediaDatabase\pexels\priest\Illustrations\photos\HD\9-16\8815044.jpg
2024-11-06 23:03:28,982 - INFO - Downloaded D:\\MediaDatabase\pexels\priest\Illustrations\photos\HD\9-16\8815033.jpg
2024-11-06 23:03:29,873 - INFO - Downloaded D:\\MediaDatabase\pexels\priest\Illustrations\photos\HD\9-16\8815007.jpg
2024-11-06 23:03:32,586 - INFO - Downloaded D:\\MediaDatabase\pexels\priest\Illustrations\photos\HD\9-16\8817492.jpg
2024-11-06 23:03:33,389 - INFO - Downloaded D:\\MediaDatabase\pexels\priest\Illustrations\photos\HD\9-16\8815048.jpg
2024-11-06 23:03:34,310 - INFO - Downloaded D:\\MediaDatabase\pexels\priest\Illustrations\photos\HD\9-16\8815222.jpg
2024-11-06 23:03:35,089 - INFO - Downloaded D:\\MediaDatabase\pexels\priest\Illustrations\photos\HD\9-16\8814962.jpg
2024-11-06 23:03:36,030 - INFO - Downloaded D:\\MediaDatabase\pexels\priest\Illustrations\photos\HD\9-16\8815000.jpg
2024-11-06 23:03:38,649 - INFO - Downloaded D:\\MediaDatabase\pexels\priest\Illustrations\photos\HD\9-16\8814996.jpg
2024-11-06 23:03:41,142 - INFO - Downloaded D:\\MediaDatabase\pexels\priest\Illustrations\photos\HD\9-16\8814995.jpg
2024-11-06 23:03:43,300 - INFO - Downloaded D:\\MediaDatabase\pexels\priest\Illustrations\photos\HD\9-16\8815009.jpg
2024-11-06 23:03:44,233 - INFO - Downloaded D:\\MediaDatabase\pexels\priest\Illustrations\photos\HD\9-16\8814998.jpg
2024-11-06 23:03:46,682 - INFO - Downloaded D:\\MediaDatabase\pexels\priest\Illustrations\photos\HD\9-16\8815328.jpg
2024-11-06 23:03:47,641 - INFO - Downloaded D:\\MediaDatabase\pexels\priest\Illustrations\photos\HD\9-16\8722233.jpg
2024-11-06 23:03:48,133 - INFO - Downloaded D:\\MediaDatabase\pexels\priest\Illustrations\photos\HD\9-16\8718254.jpg
2024-11-06 23:03:49,599 - INFO - Downloaded D:\\MediaDatabase\pexels\priest\Illustrations\photos\HD\9-16\8718260.jpg
2024-11-06 23:03:53,511 - INFO - Downloaded D:\\MediaDatabase\pexels\priest\Illustrations\photos\HD\9-16\8717466.jpg
2024-11-06 23:03:54,701 - INFO - Downloaded D:\\MediaDatabase\pexels\priest\Illustrations\photos\HD\9-16\8717432.jpg
2024-11-06 23:03:55,510 - INFO - Downloaded D:\\MediaDatabase\pexels\priest\Illustrations\photos\HD\9-16\8717435.jpg
2024-11-06 23:03:57,713 - INFO - Downloaded D:\\MediaDatabase\pexels\priest\Illustrations\photos\HD\9-16\8674809.jpg
2024-11-06 23:03:59,875 - INFO - Downloaded D:\\MediaDatabase\pexels\priest\Illustrations\photos\HD\9-16\8674863.jpg
2024-11-06 23:04:00,775 - INFO - Downloaded D:\\MediaDatabase\pexels\priest\Illustrations\photos\HD\9-16\8674878.jpg
2024-11-06 23:04:03,361 - INFO - Downloaded D:\\MediaDatabase\pexels\priest\Illustrations\photos\HD\9-16\8674868.jpg
2024-11-06 23:04:04,433 - INFO - Downloaded D:\\MediaDatabase\pexels\priest\Illustrations\photos\HD\9-16\8675077.jpg
2024-11-06 23:04:05,190 - INFO - Downloaded D:\\MediaDatabase\pexels\priest\Illustrations\photos\HD\9-16\8674860.jpg
2024-11-06 23:04:07,456 - INFO - Downloaded D:\\MediaDatabase\pexels\priest\Illustrations\photos\HD\9-16\8674849.jpg
2024-11-06 23:04:08,349 - INFO - Downloaded D:\\MediaDatabase\pexels\priest\Illustrations\photos\HD\9-16\8674827.jpg
2024-11-06 23:04:09,343 - INFO - Downloaded D:\\MediaDatabase\pexels\priest\Illustrations\photos\HD\9-16\8675070.jpg
2024-11-06 23:04:10,186 - INFO - Downloaded D:\\MediaDatabase\pexels\priest\Illustrations\photos\HD\9-16\8674821.jpg
2024-11-06 23:04:11,093 - INFO - Downloaded D:\\MediaDatabase\pexels\priest\Illustrations\photos\HD\9-16\8674118.jpg
2024-11-06 23:04:13,070 - INFO - Downloaded D:\\MediaDatabase\pexels\priest\Illustrations\photos\HD\9-16\8675069.jpg
2024-11-06 23:04:13,499 - INFO - Downloaded D:\\MediaDatabase\pexels\priest\Illustrations\photos\HD\9-16\8674109.jpg
2024-11-06 23:04:14,230 - INFO - Downloaded D:\\MediaDatabase\pexels\priest\Illustrations\photos\HD\9-16\8468596.jpg
2024-11-06 23:04:15,352 - INFO - Downloaded D:\\MediaDatabase\pexels\priest\Illustrations\photos\HD\9-16\8468737.jpg
2024-11-06 23:04:18,498 - INFO - Downloaded D:\\MediaDatabase\pexels\priest\Illustrations\photos\HD\9-16\8468736.jpg
2024-11-06 23:04:19,357 - INFO - Downloaded D:\\MediaDatabase\pexels\priest\Illustrations\photos\HD\9-16\8468707.jpg
2024-11-06 23:04:20,324 - INFO - Downloaded D:\\MediaDatabase\pexels\priest\Illustrations\photos\HD\9-16\8468704.jpg
2024-11-06 23:04:21,298 - INFO - Downloaded D:\\MediaDatabase\pexels\priest\Illustrations\photos\HD\9-16\8468696.jpg
2024-11-06 23:04:22,823 - INFO - Downloaded D:\\MediaDatabase\pexels\priest\Illustrations\photos\HD\9-16\8468700.jpg
2024-11-06 23:04:24,288 - INFO - Downloaded D:\\MediaDatabase\pexels\priest\Illustrations\photos\HD\9-16\8468699.jpg
2024-11-06 23:04:25,063 - INFO - Downloaded D:\\MediaDatabase\pexels\priest\Illustrations\photos\HD\9-16\8466778.jpg
2024-11-06 23:04:26,167 - INFO - Downloaded D:\\MediaDatabase\pexels\priest\Illustrations\photos\HD\9-16\3059750.jpg
2024-11-06 23:04:27,381 - INFO - Downloaded D:\\MediaDatabase\pexels\priest\Illustrations\photos\HD\9-16\8421906.jpg
2024-11-06 23:04:28,036 - INFO - Downloaded D:\\MediaDatabase\pexels\priest\Illustrations\photos\HD\9-16\7219786.jpg
2024-11-06 23:04:28,926 - INFO - Downloaded D:\\MediaDatabase\pexels\priest\Illustrations\photos\HD\9-16\7219385.jpg
2024-11-06 23:04:29,776 - INFO - Downloaded D:\\MediaDatabase\pexels\priest\Illustrations\photos\HD\9-16\7220110.jpg
2024-11-06 23:04:30,825 - INFO - Downloaded D:\\MediaDatabase\pexels\priest\Illustrations\photos\HD\9-16\8246015.jpg
2024-11-06 23:04:32,066 - INFO - Downloaded D:\\MediaDatabase\pexels\priest\Illustrations\photos\HD\9-16\5867737.jpg
2024-11-06 23:04:34,945 - INFO - Downloaded D:\\MediaDatabase\pexels\priest\Illustrations\photos\HD\9-16\7147696.jpg
2024-11-06 23:04:38,327 - INFO - Downloaded D:\\MediaDatabase\pexels\priest\Illustrations\photos\HD\9-16\8087858.jpg
2024-11-06 23:04:39,243 - INFO - Downloaded D:\\MediaDatabase\pexels\priest\Illustrations\photos\HD\9-16\7018827.jpg
2024-11-06 23:04:40,008 - INFO - Downloaded D:\\MediaDatabase\pexels\priest\Illustrations\photos\HD\9-16\6925162.jpg
2024-11-06 23:04:40,963 - INFO - Downloaded D:\\MediaDatabase\pexels\priest\Illustrations\photos\HD\9-16\6925184.jpg
2024-11-06 23:04:44,330 - INFO - Downloaded D:\\MediaDatabase\pexels\priest\Illustrations\photos\HD\9-16\7889181.jpg
2024-11-06 23:04:45,133 - INFO - Downloaded D:\\MediaDatabase\pexels\priest\Illustrations\photos\HD\9-16\6044300.jpg
2024-11-06 23:04:45,825 - INFO - Downloaded D:\\MediaDatabase\pexels\priest\Illustrations\photos\HD\9-16\7764404.jpg
2024-11-06 23:04:47,202 - INFO - Downloaded D:\\MediaDatabase\pexels\priest\Illustrations\photos\HD\9-16\7653090.jpg
2024-11-06 23:04:48,665 - INFO - Downloaded D:\\MediaDatabase\pexels\priest\Illustrations\photos\HD\9-16\5875112.jpg
2024-11-06 23:04:48,667 - INFO - Metadata saved to metadata\pexels_priest_Illustrations_photos_HD_9-16.json
2024-11-06 23:56:57,687 - INFO - Downloaded D:\\MediaDatabase\pexels\business_crime_scary_dogs_Animations\Animations\photos\HD\9-16\5122182.jpeg
2024-11-06 23:56:59,115 - INFO - Downloaded D:\\MediaDatabase\pexels\business_crime_scary_dogs_Animations\Animations\photos\HD\9-16\5122180.jpeg
2024-11-06 23:57:00,576 - INFO - Downloaded D:\\MediaDatabase\pexels\business_crime_scary_dogs_Animations\Animations\photos\HD\9-16\5122172.jpeg
2024-11-06 23:57:01,744 - INFO - Downloaded D:\\MediaDatabase\pexels\business_crime_scary_dogs_Animations\Animations\photos\HD\9-16\5122193.jpeg
2024-11-06 23:57:02,884 - INFO - Downloaded D:\\MediaDatabase\pexels\business_crime_scary_dogs_Animations\Animations\photos\HD\9-16\5122195.jpeg
2024-11-06 23:57:04,319 - INFO - Downloaded D:\\MediaDatabase\pexels\business_crime_scary_dogs_Animations\Animations\photos\HD\9-16\13624290.jpeg
2024-11-06 23:57:05,313 - INFO - Downloaded D:\\MediaDatabase\pexels\business_crime_scary_dogs_Animations\Animations\photos\HD\9-16\13662845.jpeg
2024-11-06 23:57:06,235 - INFO - Downloaded D:\\MediaDatabase\pexels\business_crime_scary_dogs_Animations\Animations\photos\HD\9-16\27296910.jpeg
2024-11-06 23:57:07,299 - INFO - Downloaded D:\\MediaDatabase\pexels\business_crime_scary_dogs_Animations\Animations\photos\HD\9-16\13554666.jpeg
2024-11-06 23:57:08,494 - INFO - Downloaded D:\\MediaDatabase\pexels\business_crime_scary_dogs_Animations\Animations\photos\HD\9-16\9040443.jpeg
2024-11-06 23:57:09,635 - INFO - Downloaded D:\\MediaDatabase\pexels\business_crime_scary_dogs_Animations\Animations\photos\HD\9-16\5256142.jpeg
2024-11-06 23:57:10,245 - INFO - Downloaded D:\\MediaDatabase\pexels\business_crime_scary_dogs_Animations\Animations\photos\HD\9-16\9040438.jpeg
2024-11-06 23:57:11,141 - INFO - Downloaded D:\\MediaDatabase\pexels\business_crime_scary_dogs_Animations\Animations\photos\HD\9-16\9040611.jpeg
2024-11-06 23:57:14,466 - INFO - Downloaded D:\\MediaDatabase\pexels\business_crime_scary_dogs_Animations\Animations\photos\HD\9-16\8382609.jpeg
2024-11-06 23:57:15,494 - INFO - Downloaded D:\\MediaDatabase\pexels\business_crime_scary_dogs_Animations\Animations\photos\HD\9-16\8371719.jpeg
2024-11-06 23:57:16,291 - INFO - Downloaded D:\\MediaDatabase\pexels\business_crime_scary_dogs_Animations\Animations\photos\HD\9-16\7309448.jpeg
2024-11-06 23:57:17,520 - INFO - Downloaded D:\\MediaDatabase\pexels\business_crime_scary_dogs_Animations\Animations\photos\HD\9-16\9040613.jpeg
2024-11-06 23:57:18,812 - INFO - Downloaded D:\\MediaDatabase\pexels\business_crime_scary_dogs_Animations\Animations\photos\HD\9-16\5427762.jpeg
2024-11-06 23:57:19,931 - INFO - Downloaded D:\\MediaDatabase\pexels\business_crime_scary_dogs_Animations\Animations\photos\HD\9-16\5122188.jpeg
2024-11-06 23:57:21,128 - INFO - Downloaded D:\\MediaDatabase\pexels\business_crime_scary_dogs_Animations\Animations\photos\HD\9-16\8498527.jpeg
2024-11-06 23:57:22,143 - INFO - Downloaded D:\\MediaDatabase\pexels\business_crime_scary_dogs_Animations\Animations\photos\HD\9-16\8489357.jpeg
2024-11-06 23:57:23,120 - INFO - Downloaded D:\\MediaDatabase\pexels\business_crime_scary_dogs_Animations\Animations\photos\HD\9-16\8370964.jpeg
2024-11-06 23:57:24,454 - INFO - Downloaded D:\\MediaDatabase\pexels\business_crime_scary_dogs_Animations\Animations\photos\HD\9-16\7210524.jpeg
2024-11-06 23:57:25,465 - INFO - Downloaded D:\\MediaDatabase\pexels\business_crime_scary_dogs_Animations\Animations\photos\HD\9-16\3123833.jpeg
2024-11-06 23:57:26,978 - INFO - Downloaded D:\\MediaDatabase\pexels\business_crime_scary_dogs_Animations\Animations\photos\HD\9-16\10480637.jpeg
2024-11-06 23:57:27,888 - INFO - Downloaded D:\\MediaDatabase\pexels\business_crime_scary_dogs_Animations\Animations\photos\HD\9-16\10464442.jpeg
2024-11-06 23:57:29,000 - INFO - Downloaded D:\\MediaDatabase\pexels\business_crime_scary_dogs_Animations\Animations\photos\HD\9-16\5749080.jpeg
2024-11-06 23:57:30,581 - INFO - Downloaded D:\\MediaDatabase\pexels\business_crime_scary_dogs_Animations\Animations\photos\HD\9-16\6589068.jpeg
2024-11-06 23:57:31,666 - INFO - Downloaded D:\\MediaDatabase\pexels\business_crime_scary_dogs_Animations\Animations\photos\HD\9-16\5427755.jpeg
2024-11-06 23:57:32,618 - INFO - Downloaded D:\\MediaDatabase\pexels\business_crime_scary_dogs_Animations\Animations\photos\HD\9-16\7282350.jpeg
2024-11-06 23:57:33,454 - INFO - Downloaded D:\\MediaDatabase\pexels\business_crime_scary_dogs_Animations\Animations\photos\HD\9-16\1633522.jpeg
2024-11-06 23:57:34,574 - INFO - Downloaded D:\\MediaDatabase\pexels\business_crime_scary_dogs_Animations\Animations\photos\HD\9-16\7247408.jpeg
2024-11-06 23:57:36,040 - INFO - Downloaded D:\\MediaDatabase\pexels\business_crime_scary_dogs_Animations\Animations\photos\HD\9-16\7247410.jpeg
2024-11-06 23:57:37,762 - INFO - Downloaded D:\\MediaDatabase\pexels\business_crime_scary_dogs_Animations\Animations\photos\HD\9-16\7231809.jpeg
2024-11-06 23:57:38,942 - INFO - Downloaded D:\\MediaDatabase\pexels\business_crime_scary_dogs_Animations\Animations\photos\HD\9-16\9040429.jpeg
2024-11-06 23:57:39,635 - INFO - Downloaded D:\\MediaDatabase\pexels\business_crime_scary_dogs_Animations\Animations\photos\HD\9-16\9040612.jpeg
2024-11-06 23:57:40,668 - INFO - Downloaded D:\\MediaDatabase\pexels\business_crime_scary_dogs_Animations\Animations\photos\HD\9-16\6130991.jpeg
2024-11-06 23:57:42,088 - INFO - Downloaded D:\\MediaDatabase\pexels\business_crime_scary_dogs_Animations\Animations\photos\HD\9-16\8939511.jpeg
2024-11-06 23:57:42,809 - INFO - Downloaded D:\\MediaDatabase\pexels\business_crime_scary_dogs_Animations\Animations\photos\HD\9-16\5122175.jpeg
2024-11-06 23:57:43,659 - INFO - Downloaded D:\\MediaDatabase\pexels\business_crime_scary_dogs_Animations\Animations\photos\HD\9-16\5748662.jpeg
2024-11-06 23:57:44,361 - INFO - Downloaded D:\\MediaDatabase\pexels\business_crime_scary_dogs_Animations\Animations\photos\HD\9-16\8498525.jpeg
2024-11-06 23:57:45,650 - INFO - Downloaded D:\\MediaDatabase\pexels\business_crime_scary_dogs_Animations\Animations\photos\HD\9-16\8498514.jpeg
2024-11-06 23:57:46,837 - INFO - Downloaded D:\\MediaDatabase\pexels\business_crime_scary_dogs_Animations\Animations\photos\HD\9-16\8498565.jpeg
2024-11-06 23:57:48,024 - INFO - Downloaded D:\\MediaDatabase\pexels\business_crime_scary_dogs_Animations\Animations\photos\HD\9-16\8498833.jpeg
2024-11-06 23:57:49,207 - INFO - Downloaded D:\\MediaDatabase\pexels\business_crime_scary_dogs_Animations\Animations\photos\HD\9-16\8498831.jpeg
2024-11-06 23:57:50,447 - INFO - Downloaded D:\\MediaDatabase\pexels\business_crime_scary_dogs_Animations\Animations\photos\HD\9-16\8498836.jpeg
2024-11-06 23:57:51,606 - INFO - Downloaded D:\\MediaDatabase\pexels\business_crime_scary_dogs_Animations\Animations\photos\HD\9-16\8498844.jpeg
2024-11-06 23:57:52,521 - INFO - Downloaded D:\\MediaDatabase\pexels\business_crime_scary_dogs_Animations\Animations\photos\HD\9-16\8489354.jpeg
2024-11-06 23:57:53,589 - INFO - Downloaded D:\\MediaDatabase\pexels\business_crime_scary_dogs_Animations\Animations\photos\HD\9-16\8489388.jpeg
2024-11-06 23:57:54,987 - INFO - Downloaded D:\\MediaDatabase\pexels\business_crime_scary_dogs_Animations\Animations\photos\HD\9-16\8488965.jpeg
2024-11-06 23:57:56,030 - INFO - Downloaded D:\\MediaDatabase\pexels\business_crime_scary_dogs_Animations\Animations\photos\HD\9-16\8382037.jpeg
2024-11-06 23:57:58,572 - INFO - Downloaded D:\\MediaDatabase\pexels\business_crime_scary_dogs_Animations\Animations\photos\HD\9-16\8382289.jpeg
2024-11-06 23:57:59,942 - INFO - Downloaded D:\\MediaDatabase\pexels\business_crime_scary_dogs_Animations\Animations\photos\HD\9-16\8382039.jpeg
2024-11-06 23:58:02,779 - INFO - Downloaded D:\\MediaDatabase\pexels\business_crime_scary_dogs_Animations\Animations\photos\HD\9-16\8382084.jpeg
2024-11-06 23:58:03,643 - INFO - Downloaded D:\\MediaDatabase\pexels\business_crime_scary_dogs_Animations\Animations\photos\HD\9-16\8382290.jpeg
2024-11-06 23:58:05,024 - INFO - Downloaded D:\\MediaDatabase\pexels\business_crime_scary_dogs_Animations\Animations\photos\HD\9-16\8382083.jpeg
2024-11-06 23:58:06,378 - INFO - Downloaded D:\\MediaDatabase\pexels\business_crime_scary_dogs_Animations\Animations\photos\HD\9-16\8382078.jpeg
2024-11-06 23:58:07,072 - INFO - Downloaded D:\\MediaDatabase\pexels\business_crime_scary_dogs_Animations\Animations\photos\HD\9-16\8382252.jpeg
2024-11-06 23:58:07,911 - INFO - Downloaded D:\\MediaDatabase\pexels\business_crime_scary_dogs_Animations\Animations\photos\HD\9-16\8371742.jpeg
2024-11-06 23:58:09,333 - INFO - Downloaded D:\\MediaDatabase\pexels\business_crime_scary_dogs_Animations\Animations\photos\HD\9-16\8371731.jpeg
2024-11-06 23:58:10,416 - INFO - Downloaded D:\\MediaDatabase\pexels\business_crime_scary_dogs_Animations\Animations\photos\HD\9-16\8371743.jpeg
2024-11-06 23:58:11,123 - INFO - Downloaded D:\\MediaDatabase\pexels\business_crime_scary_dogs_Animations\Animations\photos\HD\9-16\6589158.jpeg
2024-11-06 23:58:12,180 - INFO - Downloaded D:\\MediaDatabase\pexels\business_crime_scary_dogs_Animations\Animations\photos\HD\9-16\6589142.jpeg
2024-11-06 23:58:13,541 - INFO - Downloaded D:\\MediaDatabase\pexels\business_crime_scary_dogs_Animations\Animations\photos\HD\9-16\6578820.jpeg
2024-11-06 23:58:14,988 - INFO - Downloaded D:\\MediaDatabase\pexels\business_crime_scary_dogs_Animations\Animations\photos\HD\9-16\6490022.jpeg
2024-11-06 23:58:15,850 - INFO - Downloaded D:\\MediaDatabase\pexels\business_crime_scary_dogs_Animations\Animations\photos\HD\9-16\6266688.jpeg
2024-11-06 23:58:16,752 - INFO - Downloaded D:\\MediaDatabase\pexels\business_crime_scary_dogs_Animations\Animations\photos\HD\9-16\6130983.jpeg
2024-11-06 23:58:18,149 - INFO - Downloaded D:\\MediaDatabase\pexels\business_crime_scary_dogs_Animations\Animations\photos\HD\9-16\7782380.jpeg
2024-11-06 23:58:19,514 - INFO - Downloaded D:\\MediaDatabase\pexels\business_crime_scary_dogs_Animations\Animations\photos\HD\9-16\7715099.jpeg
2024-11-06 23:58:20,058 - INFO - Downloaded D:\\MediaDatabase\pexels\business_crime_scary_dogs_Animations\Animations\photos\HD\9-16\7715268.jpeg
2024-11-06 23:58:21,357 - INFO - Downloaded D:\\MediaDatabase\pexels\business_crime_scary_dogs_Animations\Animations\photos\HD\9-16\7715199.jpeg
2024-11-06 23:58:22,712 - INFO - Downloaded D:\\MediaDatabase\pexels\business_crime_scary_dogs_Animations\Animations\photos\HD\9-16\7681499.jpeg
2024-11-06 23:58:23,903 - INFO - Downloaded D:\\MediaDatabase\pexels\business_crime_scary_dogs_Animations\Animations\photos\HD\9-16\14884567.jpeg
2024-11-06 23:58:25,288 - INFO - Downloaded D:\\MediaDatabase\pexels\business_crime_scary_dogs_Animations\Animations\photos\HD\9-16\312599.jpeg
2024-11-06 23:58:26,627 - INFO - Downloaded D:\\MediaDatabase\pexels\business_crime_scary_dogs_Animations\Animations\photos\HD\9-16\7533376.jpeg
2024-11-06 23:58:27,720 - INFO - Downloaded D:\\MediaDatabase\pexels\business_crime_scary_dogs_Animations\Animations\photos\HD\9-16\5749806.jpeg
2024-11-06 23:58:28,788 - INFO - Downloaded D:\\MediaDatabase\pexels\business_crime_scary_dogs_Animations\Animations\photos\HD\9-16\5748724.jpeg
2024-11-06 23:58:29,686 - INFO - Downloaded D:\\MediaDatabase\pexels\business_crime_scary_dogs_Animations\Animations\photos\HD\9-16\5749081.jpeg
2024-11-06 23:58:30,594 - INFO - Downloaded D:\\MediaDatabase\pexels\business_crime_scary_dogs_Animations\Animations\photos\HD\9-16\5749085.jpeg
2024-11-06 23:58:31,714 - INFO - Downloaded D:\\MediaDatabase\pexels\business_crime_scary_dogs_Animations\Animations\photos\HD\9-16\5745206.jpeg
2024-11-06 23:58:31,716 - INFO - Metadata saved to metadata\pexels_business_crime_scary_dogs_Animations_Animations_photos_HD_9-16.json
2024-11-07 00:50:56,832 - INFO - Downloaded D:\\MediaDatabase\pexels\crime\All\Illustrations\photos\HD\9-16\7773261.jpeg
2024-11-07 00:50:58,296 - INFO - Downloaded D:\\MediaDatabase\pexels\crime\All\Illustrations\photos\HD\9-16\6077555.jpeg
2024-11-07 00:50:58,373 - INFO - Downloaded D:\\MediaDatabase\pexels\crime\All\Illustrations\photos\HD\9-16\10475037.jpeg
2024-11-07 00:50:59,697 - INFO - Downloaded D:\\MediaDatabase\pexels\crime\All\Illustrations\photos\HD\9-16\8369520.jpeg
2024-11-07 00:51:00,698 - INFO - Downloaded D:\\MediaDatabase\pexels\crime\All\Illustrations\photos\HD\9-16\10476391.jpeg
2024-11-07 00:51:01,856 - INFO - Downloaded D:\\MediaDatabase\pexels\crime\All\Illustrations\photos\HD\9-16\7299586.jpeg
2024-11-07 00:51:02,980 - INFO - Downloaded D:\\MediaDatabase\pexels\crime\All\Illustrations\photos\HD\9-16\8369513.jpeg
2024-11-07 00:51:04,102 - INFO - Downloaded D:\\MediaDatabase\pexels\crime\All\Illustrations\photos\HD\9-16\7319070.jpeg
2024-11-07 00:51:05,316 - INFO - Downloaded D:\\MediaDatabase\pexels\crime\All\Illustrations\photos\HD\9-16\3289156.jpeg
2024-11-07 00:51:06,827 - INFO - Downloaded D:\\MediaDatabase\pexels\crime\All\Illustrations\photos\HD\9-16\7299592.jpeg
2024-11-07 00:51:07,809 - INFO - Downloaded D:\\MediaDatabase\pexels\crime\All\Illustrations\photos\HD\9-16\8105788.jpeg
2024-11-07 00:51:08,733 - INFO - Downloaded D:\\MediaDatabase\pexels\crime\All\Illustrations\photos\HD\9-16\10481285.jpeg
2024-11-07 00:51:10,183 - INFO - Downloaded D:\\MediaDatabase\pexels\crime\All\Illustrations\photos\HD\9-16\10475174.jpeg
2024-11-07 00:51:11,111 - INFO - Downloaded D:\\MediaDatabase\pexels\crime\All\Illustrations\photos\HD\9-16\10475002.jpeg
2024-11-07 00:51:12,358 - INFO - Downloaded D:\\MediaDatabase\pexels\crime\All\Illustrations\photos\HD\9-16\8382611.jpeg
2024-11-07 00:51:13,525 - INFO - Downloaded D:\\MediaDatabase\pexels\crime\All\Illustrations\photos\HD\9-16\8717529.jpeg
2024-11-07 00:51:14,938 - INFO - Downloaded D:\\MediaDatabase\pexels\crime\All\Illustrations\photos\HD\9-16\7322300.jpeg
2024-11-07 00:51:17,573 - INFO - Downloaded D:\\MediaDatabase\pexels\crime\All\Illustrations\photos\HD\9-16\12446409.jpeg
2024-11-07 00:51:19,100 - INFO - Downloaded D:\\MediaDatabase\pexels\crime\All\Illustrations\photos\HD\9-16\10481324.jpeg
2024-11-07 00:51:20,477 - INFO - Downloaded D:\\MediaDatabase\pexels\crime\All\Illustrations\photos\HD\9-16\10476381.jpeg
2024-11-07 00:51:21,582 - INFO - Downloaded D:\\MediaDatabase\pexels\crime\All\Illustrations\photos\HD\9-16\10475172.jpeg
2024-11-07 00:51:22,497 - INFO - Downloaded D:\\MediaDatabase\pexels\crime\All\Illustrations\photos\HD\9-16\10475157.jpeg
2024-11-07 00:51:23,916 - INFO - Downloaded D:\\MediaDatabase\pexels\crime\All\Illustrations\photos\HD\9-16\10464792.jpeg
2024-11-07 00:51:24,918 - INFO - Downloaded D:\\MediaDatabase\pexels\crime\All\Illustrations\photos\HD\9-16\10464480.jpeg
2024-11-07 00:51:25,965 - INFO - Downloaded D:\\MediaDatabase\pexels\crime\All\Illustrations\photos\HD\9-16\10466281.jpeg
2024-11-07 00:51:27,128 - INFO - Downloaded D:\\MediaDatabase\pexels\crime\All\Illustrations\photos\HD\9-16\10464810.jpeg
2024-11-07 00:51:28,023 - INFO - Downloaded D:\\MediaDatabase\pexels\crime\All\Illustrations\photos\HD\9-16\8382616.jpeg
2024-11-07 00:51:28,072 - INFO - Downloaded D:\\MediaDatabase\pexels\crime\All\Illustrations\photos\HD\9-16\1741231.jpeg
2024-11-07 00:51:29,540 - INFO - Downloaded D:\\MediaDatabase\pexels\crime\All\Illustrations\photos\HD\9-16\7299593.jpeg
2024-11-07 00:51:30,557 - INFO - Downloaded D:\\MediaDatabase\pexels\crime\All\Illustrations\photos\HD\9-16\7266001.jpeg
2024-11-07 00:51:31,194 - INFO - Downloaded D:\\MediaDatabase\pexels\crime\All\Illustrations\photos\HD\9-16\9498776.jpeg
2024-11-07 00:51:32,027 - INFO - Downloaded D:\\MediaDatabase\pexels\crime\All\Illustrations\photos\HD\9-16\8382600.jpeg
2024-11-07 00:51:32,974 - INFO - Downloaded D:\\MediaDatabase\pexels\crime\All\Illustrations\photos\HD\9-16\8369526.jpeg
2024-11-07 00:51:33,944 - INFO - Downloaded D:\\MediaDatabase\pexels\crime\All\Illustrations\photos\HD\9-16\8370967.jpeg
2024-11-07 00:51:34,006 - INFO - Downloaded D:\\MediaDatabase\pexels\crime\All\Illustrations\photos\HD\9-16\298825.jpeg
2024-11-07 00:51:35,173 - INFO - Downloaded D:\\MediaDatabase\pexels\crime\All\Illustrations\photos\HD\9-16\7230348.jpeg
2024-11-07 00:51:35,249 - INFO - Downloaded D:\\MediaDatabase\pexels\crime\All\Illustrations\photos\HD\9-16\7231429.jpeg
2024-11-07 00:51:36,639 - INFO - Downloaded D:\\MediaDatabase\pexels\crime\All\Illustrations\photos\HD\9-16\10476384.jpeg
2024-11-07 00:51:37,746 - INFO - Downloaded D:\\MediaDatabase\pexels\crime\All\Illustrations\photos\HD\9-16\10481290.jpeg
2024-11-07 00:51:39,135 - INFO - Downloaded D:\\MediaDatabase\pexels\crime\All\Illustrations\photos\HD\9-16\10481263.jpeg
2024-11-07 00:51:39,982 - INFO - Downloaded D:\\MediaDatabase\pexels\crime\All\Illustrations\photos\HD\9-16\10481252.jpeg
2024-11-07 00:51:40,917 - INFO - Downloaded D:\\MediaDatabase\pexels\crime\All\Illustrations\photos\HD\9-16\10480830.jpeg
2024-11-07 00:51:42,375 - INFO - Downloaded D:\\MediaDatabase\pexels\crime\All\Illustrations\photos\HD\9-16\10475180.jpeg
2024-11-07 00:51:43,872 - INFO - Downloaded D:\\MediaDatabase\pexels\crime\All\Illustrations\photos\HD\9-16\10475177.jpeg
2024-11-07 00:51:44,813 - INFO - Downloaded D:\\MediaDatabase\pexels\crime\All\Illustrations\photos\HD\9-16\10474993.jpeg
2024-11-07 00:51:45,151 - INFO - Downloaded D:\\MediaDatabase\pexels\crime\All\Illustrations\photos\HD\9-16\10473676.jpeg
2024-11-07 00:51:47,559 - INFO - Downloaded D:\\MediaDatabase\pexels\crime\All\Illustrations\photos\HD\9-16\10472989.jpeg
2024-11-07 00:51:48,493 - INFO - Downloaded D:\\MediaDatabase\pexels\crime\All\Illustrations\photos\HD\9-16\10473518.jpeg
2024-11-07 00:51:49,886 - INFO - Downloaded D:\\MediaDatabase\pexels\crime\All\Illustrations\photos\HD\9-16\10473520.jpeg
2024-11-07 00:51:51,216 - INFO - Downloaded D:\\MediaDatabase\pexels\crime\All\Illustrations\photos\HD\9-16\10466286.jpeg
2024-11-07 00:51:52,249 - INFO - Downloaded D:\\MediaDatabase\pexels\crime\All\Illustrations\photos\HD\9-16\10464476.jpeg
2024-11-07 00:51:53,631 - INFO - Downloaded D:\\MediaDatabase\pexels\crime\All\Illustrations\photos\HD\9-16\10466458.jpeg
2024-11-07 00:51:56,526 - INFO - Downloaded D:\\MediaDatabase\pexels\crime\All\Illustrations\photos\HD\9-16\10464477.jpeg
2024-11-07 00:51:57,468 - INFO - Downloaded D:\\MediaDatabase\pexels\crime\All\Illustrations\photos\HD\9-16\10464544.jpeg
2024-11-07 00:51:58,505 - INFO - Downloaded D:\\MediaDatabase\pexels\crime\All\Illustrations\photos\HD\9-16\10464438.jpeg
2024-11-07 00:51:59,858 - INFO - Downloaded D:\\MediaDatabase\pexels\crime\All\Illustrations\photos\HD\9-16\7319346.jpeg
2024-11-07 00:52:00,812 - INFO - Downloaded D:\\MediaDatabase\pexels\crime\All\Illustrations\photos\HD\9-16\7265994.jpeg
2024-11-07 00:52:02,167 - INFO - Downloaded D:\\MediaDatabase\pexels\crime\All\Illustrations\photos\HD\9-16\7266008.jpeg
2024-11-07 00:52:03,059 - INFO - Downloaded D:\\MediaDatabase\pexels\crime\All\Illustrations\photos\HD\9-16\7785048.jpeg
2024-11-07 00:52:04,409 - INFO - Downloaded D:\\MediaDatabase\pexels\crime\All\Illustrations\photos\HD\9-16\7230391.jpeg
2024-11-07 00:52:04,478 - INFO - Downloaded D:\\MediaDatabase\pexels\crime\All\Illustrations\photos\HD\9-16\8526623.jpeg
2024-11-07 00:52:05,378 - INFO - Downloaded D:\\MediaDatabase\pexels\crime\All\Illustrations\photos\HD\9-16\7773266.jpeg
2024-11-07 00:52:06,838 - INFO - Downloaded D:\\MediaDatabase\pexels\crime\All\Illustrations\photos\HD\9-16\12905953.jpeg
2024-11-07 00:52:08,123 - INFO - Downloaded D:\\MediaDatabase\pexels\crime\All\Illustrations\photos\HD\9-16\5935791.jpeg
2024-11-07 00:52:08,182 - INFO - Downloaded D:\\MediaDatabase\pexels\crime\All\Illustrations\photos\HD\9-16\8382609.jpeg
2024-11-07 00:52:11,149 - INFO - Downloaded D:\\MediaDatabase\pexels\crime\All\Illustrations\photos\HD\9-16\8382292.jpeg
2024-11-07 00:52:12,595 - INFO - Downloaded D:\\MediaDatabase\pexels\crime\All\Illustrations\photos\HD\9-16\8371715.jpeg
2024-11-07 00:52:12,664 - INFO - Downloaded D:\\MediaDatabase\pexels\crime\All\Illustrations\photos\HD\9-16\8371719.jpeg
2024-11-07 00:52:13,408 - INFO - Downloaded D:\\MediaDatabase\pexels\crime\All\Illustrations\photos\HD\9-16\8369518.jpeg
2024-11-07 00:52:14,637 - INFO - Downloaded D:\\MediaDatabase\pexels\crime\All\Illustrations\photos\HD\9-16\8369521.jpeg
2024-11-07 00:52:15,571 - INFO - Downloaded D:\\MediaDatabase\pexels\crime\All\Illustrations\photos\HD\9-16\8369522.jpeg
2024-11-07 00:52:15,652 - INFO - Downloaded D:\\MediaDatabase\pexels\crime\All\Illustrations\photos\HD\9-16\6157226.jpeg
2024-11-07 00:52:18,671 - INFO - Downloaded D:\\MediaDatabase\pexels\crime\All\Illustrations\photos\HD\9-16\12405511.jpeg
2024-11-07 00:52:20,011 - INFO - Downloaded D:\\MediaDatabase\pexels\crime\All\Illustrations\photos\HD\9-16\8103403.jpeg
2024-11-07 00:52:21,025 - INFO - Downloaded D:\\MediaDatabase\pexels\crime\All\Illustrations\photos\HD\9-16\8103394.jpeg
2024-11-07 00:52:24,574 - INFO - Downloaded D:\\MediaDatabase\pexels\crime\All\Illustrations\photos\HD\9-16\9209727.jpeg
2024-11-07 00:52:27,586 - INFO - Downloaded D:\\MediaDatabase\pexels\crime\All\Illustrations\photos\HD\9-16\7299595.jpeg
2024-11-07 00:52:28,584 - INFO - Downloaded D:\\MediaDatabase\pexels\crime\All\Illustrations\photos\HD\9-16\6266772.jpeg
2024-11-07 00:52:29,936 - INFO - Downloaded D:\\MediaDatabase\pexels\crime\All\Illustrations\photos\HD\9-16\7265995.jpeg
2024-11-07 00:52:30,873 - INFO - Downloaded D:\\MediaDatabase\pexels\crime\All\Illustrations\photos\HD\9-16\7265993.jpeg
2024-11-07 00:52:30,875 - INFO - Metadata saved to metadata\pexels_crime_All_Illustrations_photos_HD_9-16.json
2024-11-07 00:52:32,741 - INFO - Downloaded D:\\MediaDatabase\pexels\scary\All\Illustrations\photos\HD\9-16\5545744.jpeg
2024-11-07 00:52:33,640 - INFO - Downloaded D:\\MediaDatabase\pexels\scary\All\Illustrations\photos\HD\9-16\3050270.jpeg
2024-11-07 00:52:34,663 - INFO - Downloaded D:\\MediaDatabase\pexels\scary\All\Illustrations\photos\HD\9-16\9667113.jpeg
2024-11-07 00:52:35,459 - INFO - Downloaded D:\\MediaDatabase\pexels\scary\All\Illustrations\photos\HD\9-16\5605488.jpeg
2024-11-07 00:52:36,723 - INFO - Downloaded D:\\MediaDatabase\pexels\scary\All\Illustrations\photos\HD\9-16\5605493.jpeg
2024-11-07 00:52:38,982 - INFO - Downloaded D:\\MediaDatabase\pexels\scary\All\Illustrations\photos\HD\9-16\5554006.jpeg
2024-11-07 00:52:39,725 - INFO - Downloaded D:\\MediaDatabase\pexels\scary\All\Illustrations\photos\HD\9-16\5545741.jpeg
2024-11-07 00:52:39,979 - INFO - Downloaded D:\\MediaDatabase\pexels\scary\All\Illustrations\photos\HD\9-16\5427646.jpeg
2024-11-07 00:52:40,983 - INFO - Downloaded D:\\MediaDatabase\pexels\scary\All\Illustrations\photos\HD\9-16\13859707.jpeg
2024-11-07 00:52:42,280 - INFO - Downloaded D:\\MediaDatabase\pexels\scary\All\Illustrations\photos\HD\9-16\5477672.jpeg
2024-11-07 00:52:43,414 - INFO - Downloaded D:\\MediaDatabase\pexels\scary\All\Illustrations\photos\HD\9-16\5605489.jpeg
2024-11-07 00:52:44,028 - INFO - Downloaded D:\\MediaDatabase\pexels\scary\All\Illustrations\photos\HD\9-16\5545742.jpeg
2024-11-07 00:52:45,061 - INFO - Downloaded D:\\MediaDatabase\pexels\scary\All\Illustrations\photos\HD\9-16\5545734.jpeg
2024-11-07 00:52:46,337 - INFO - Downloaded D:\\MediaDatabase\pexels\scary\All\Illustrations\photos\HD\9-16\5477630.jpeg
2024-11-07 00:52:47,087 - INFO - Downloaded D:\\MediaDatabase\pexels\scary\All\Illustrations\photos\HD\9-16\5428147.jpeg
2024-11-07 00:52:48,476 - INFO - Downloaded D:\\MediaDatabase\pexels\scary\All\Illustrations\photos\HD\9-16\6593331.jpeg
2024-11-07 00:52:49,060 - INFO - Downloaded D:\\MediaDatabase\pexels\scary\All\Illustrations\photos\HD\9-16\5607525.jpeg
2024-11-07 00:52:51,079 - INFO - Downloaded D:\\MediaDatabase\pexels\scary\All\Illustrations\photos\HD\9-16\1573228.jpeg
2024-11-07 00:52:52,125 - INFO - Downloaded D:\\MediaDatabase\pexels\scary\All\Illustrations\photos\HD\9-16\5545743.jpeg
2024-11-07 00:52:54,349 - INFO - Downloaded D:\\MediaDatabase\pexels\scary\All\Illustrations\photos\HD\9-16\5605494.jpeg
2024-11-07 00:52:56,699 - INFO - Downloaded D:\\MediaDatabase\pexels\scary\All\Illustrations\photos\HD\9-16\5427765.jpeg
2024-11-07 00:52:58,947 - INFO - Downloaded D:\\MediaDatabase\pexels\scary\All\Illustrations\photos\HD\9-16\5427667.jpeg
2024-11-07 00:53:00,045 - INFO - Downloaded D:\\MediaDatabase\pexels\scary\All\Illustrations\photos\HD\9-16\3689634.jpeg
2024-11-07 00:53:01,043 - INFO - Downloaded D:\\MediaDatabase\pexels\scary\All\Illustrations\photos\HD\9-16\5545747.jpeg
2024-11-07 00:53:01,820 - INFO - Downloaded D:\\MediaDatabase\pexels\scary\All\Illustrations\photos\HD\9-16\5545808.jpeg
2024-11-07 00:53:02,810 - INFO - Downloaded D:\\MediaDatabase\pexels\scary\All\Illustrations\photos\HD\9-16\3905878.jpeg
2024-11-07 00:53:04,343 - INFO - Downloaded D:\\MediaDatabase\pexels\scary\All\Illustrations\photos\HD\9-16\11941840.jpeg
2024-11-07 00:53:05,573 - INFO - Downloaded D:\\MediaDatabase\pexels\scary\All\Illustrations\photos\HD\9-16\10126379.jpeg
2024-11-07 00:53:08,935 - INFO - Downloaded D:\\MediaDatabase\pexels\scary\All\Illustrations\photos\HD\9-16\9957472.jpeg
2024-11-07 00:53:13,434 - INFO - Downloaded D:\\MediaDatabase\pexels\scary\All\Illustrations\photos\HD\9-16\9966470.jpeg
2024-11-07 00:53:14,750 - INFO - Downloaded D:\\MediaDatabase\pexels\scary\All\Illustrations\photos\HD\9-16\9976130.jpeg
2024-11-07 00:53:16,685 - INFO - Downloaded D:\\MediaDatabase\pexels\scary\All\Illustrations\photos\HD\9-16\6205292.jpeg
2024-11-07 00:53:17,691 - INFO - Downloaded D:\\MediaDatabase\pexels\scary\All\Illustrations\photos\HD\9-16\8611829.jpeg
2024-11-07 00:53:20,688 - INFO - Downloaded D:\\MediaDatabase\pexels\scary\All\Illustrations\photos\HD\9-16\6654175.jpeg
2024-11-07 00:53:22,268 - INFO - Downloaded D:\\MediaDatabase\pexels\scary\All\Illustrations\photos\HD\9-16\10104523.jpeg
2024-11-07 00:53:23,163 - INFO - Downloaded D:\\MediaDatabase\pexels\scary\All\Illustrations\photos\HD\9-16\28255581.jpeg
2024-11-07 00:53:23,817 - INFO - Downloaded D:\\MediaDatabase\pexels\scary\All\Illustrations\photos\HD\9-16\13859706.jpeg
2024-11-07 00:53:26,999 - INFO - Downloaded D:\\MediaDatabase\pexels\scary\All\Illustrations\photos\HD\9-16\27592283.jpeg
2024-11-07 00:53:27,480 - INFO - Downloaded D:\\MediaDatabase\pexels\scary\All\Illustrations\photos\HD\9-16\14073767.jpeg
2024-11-07 00:53:28,794 - INFO - Downloaded D:\\MediaDatabase\pexels\scary\All\Illustrations\photos\HD\9-16\15555089.jpeg
2024-11-07 00:53:29,730 - INFO - Downloaded D:\\MediaDatabase\pexels\scary\All\Illustrations\photos\HD\9-16\17720175.jpeg
2024-11-07 00:53:31,354 - INFO - Downloaded D:\\MediaDatabase\pexels\scary\All\Illustrations\photos\HD\9-16\29264351.jpeg
2024-11-07 00:53:32,690 - INFO - Downloaded D:\\MediaDatabase\pexels\scary\All\Illustrations\photos\HD\9-16\13269201.jpeg
2024-11-07 00:53:32,728 - INFO - Downloaded D:\\MediaDatabase\pexels\scary\All\Illustrations\photos\HD\9-16\1097456.jpeg
2024-11-07 00:53:33,508 - INFO - Downloaded D:\\MediaDatabase\pexels\scary\All\Illustrations\photos\HD\9-16\5635101.jpeg
2024-11-07 00:53:34,293 - INFO - Downloaded D:\\MediaDatabase\pexels\scary\All\Illustrations\photos\HD\9-16\8337691.jpeg
2024-11-07 00:53:35,851 - INFO - Downloaded D:\\MediaDatabase\pexels\scary\All\Illustrations\photos\HD\9-16\5422694.jpeg
2024-11-07 00:53:36,567 - INFO - Downloaded D:\\MediaDatabase\pexels\scary\All\Illustrations\photos\HD\9-16\9740352.jpeg
2024-11-07 00:53:37,551 - INFO - Downloaded D:\\MediaDatabase\pexels\scary\All\Illustrations\photos\HD\9-16\5634861.jpeg
2024-11-07 00:53:38,350 - INFO - Downloaded D:\\MediaDatabase\pexels\scary\All\Illustrations\photos\HD\9-16\5408080.jpeg
2024-11-07 00:53:39,347 - INFO - Downloaded D:\\MediaDatabase\pexels\scary\All\Illustrations\photos\HD\9-16\626163.jpeg
2024-11-07 00:53:40,110 - INFO - Downloaded D:\\MediaDatabase\pexels\scary\All\Illustrations\photos\HD\9-16\970517.jpeg
2024-11-07 00:53:40,910 - INFO - Downloaded D:\\MediaDatabase\pexels\scary\All\Illustrations\photos\HD\9-16\3812743.jpeg
2024-11-07 00:53:41,853 - INFO - Downloaded D:\\MediaDatabase\pexels\scary\All\Illustrations\photos\HD\9-16\5407935.jpeg
2024-11-07 00:53:42,738 - INFO - Downloaded D:\\MediaDatabase\pexels\scary\All\Illustrations\photos\HD\9-16\5600071.jpeg
2024-11-07 00:53:44,224 - INFO - Downloaded D:\\MediaDatabase\pexels\scary\All\Illustrations\photos\HD\9-16\8574167.jpeg
2024-11-07 00:53:45,112 - INFO - Downloaded D:\\MediaDatabase\pexels\scary\All\Illustrations\photos\HD\9-16\5435182.jpeg
2024-11-07 00:53:46,162 - INFO - Downloaded D:\\MediaDatabase\pexels\scary\All\Illustrations\photos\HD\9-16\619418.jpeg
2024-11-07 00:53:47,182 - INFO - Downloaded D:\\MediaDatabase\pexels\scary\All\Illustrations\photos\HD\9-16\5435309.jpeg
2024-11-07 00:53:48,239 - INFO - Downloaded D:\\MediaDatabase\pexels\scary\All\Illustrations\photos\HD\9-16\5435308.jpeg
2024-11-07 00:53:48,283 - INFO - Downloaded D:\\MediaDatabase\pexels\scary\All\Illustrations\photos\HD\9-16\2747893.jpeg
2024-11-07 00:53:51,598 - INFO - Downloaded D:\\MediaDatabase\pexels\scary\All\Illustrations\photos\HD\9-16\5435304.jpeg
2024-11-07 00:53:52,283 - INFO - Downloaded D:\\MediaDatabase\pexels\scary\All\Illustrations\photos\HD\9-16\792381.jpeg
2024-11-07 00:53:53,602 - INFO - Downloaded D:\\MediaDatabase\pexels\scary\All\Illustrations\photos\HD\9-16\8258885.jpeg
2024-11-07 00:53:54,970 - INFO - Downloaded D:\\MediaDatabase\pexels\scary\All\Illustrations\photos\HD\9-16\6494466.jpeg
2024-11-07 00:53:55,033 - INFO - Downloaded D:\\MediaDatabase\pexels\scary\All\Illustrations\photos\HD\9-16\3809379.jpeg
2024-11-07 00:53:56,505 - INFO - Downloaded D:\\MediaDatabase\pexels\scary\All\Illustrations\photos\HD\9-16\2953863.jpeg
2024-11-07 00:53:57,679 - INFO - Downloaded D:\\MediaDatabase\pexels\scary\All\Illustrations\photos\HD\9-16\13859705.jpeg
2024-11-07 00:53:58,702 - INFO - Downloaded D:\\MediaDatabase\pexels\scary\All\Illustrations\photos\HD\9-16\4997839.jpeg
2024-11-07 00:53:59,648 - INFO - Downloaded D:\\MediaDatabase\pexels\scary\All\Illustrations\photos\HD\9-16\9740465.jpeg
2024-11-07 00:54:00,448 - INFO - Downloaded D:\\MediaDatabase\pexels\scary\All\Illustrations\photos\HD\9-16\619419.jpeg
2024-11-07 00:54:01,294 - INFO - Downloaded D:\\MediaDatabase\pexels\scary\All\Illustrations\photos\HD\9-16\12606623.jpeg
2024-11-07 00:54:02,547 - INFO - Downloaded D:\\MediaDatabase\pexels\scary\All\Illustrations\photos\HD\9-16\6072090.jpeg
2024-11-07 00:54:03,675 - INFO - Downloaded D:\\MediaDatabase\pexels\scary\All\Illustrations\photos\HD\9-16\5686649.jpeg
2024-11-07 00:54:03,739 - INFO - Downloaded D:\\MediaDatabase\pexels\scary\All\Illustrations\photos\HD\9-16\12446409.jpeg
2024-11-07 00:54:04,827 - INFO - Downloaded D:\\MediaDatabase\pexels\scary\All\Illustrations\photos\HD\9-16\3812746.jpeg
2024-11-07 00:54:05,970 - INFO - Downloaded D:\\MediaDatabase\pexels\scary\All\Illustrations\photos\HD\9-16\5422609.jpeg
2024-11-07 00:54:07,006 - INFO - Downloaded D:\\MediaDatabase\pexels\scary\All\Illustrations\photos\HD\9-16\5422595.jpeg
2024-11-07 00:54:07,891 - INFO - Downloaded D:\\MediaDatabase\pexels\scary\All\Illustrations\photos\HD\9-16\4874507.jpeg
2024-11-07 00:54:09,395 - INFO - Downloaded D:\\MediaDatabase\pexels\scary\All\Illustrations\photos\HD\9-16\5422855.jpeg
2024-11-07 00:54:09,404 - INFO - Metadata saved to metadata\pexels_scary_All_Illustrations_photos_HD_9-16.json
2024-11-07 00:54:10,309 - INFO - Downloaded D:\\MediaDatabase\pexels\monster\All\Illustrations\photos\HD\9-16\5427765.jpeg
2024-11-07 00:54:10,405 - INFO - Downloaded D:\\MediaDatabase\pexels\monster\All\Illustrations\photos\HD\9-16\3689634.jpeg
2024-11-07 00:54:11,384 - INFO - Downloaded D:\\MediaDatabase\pexels\monster\All\Illustrations\photos\HD\9-16\310436.jpeg
2024-11-07 00:54:12,597 - INFO - Downloaded D:\\MediaDatabase\pexels\monster\All\Illustrations\photos\HD\9-16\12920551.jpeg
2024-11-07 00:54:12,651 - INFO - Downloaded D:\\MediaDatabase\pexels\monster\All\Illustrations\photos\HD\9-16\9976130.jpeg
2024-11-07 00:54:13,233 - INFO - Downloaded D:\\MediaDatabase\pexels\monster\All\Illustrations\photos\HD\9-16\9170101.jpeg
2024-11-07 00:54:13,308 - INFO - Downloaded D:\\MediaDatabase\pexels\monster\All\Illustrations\photos\HD\9-16\6654175.jpeg
2024-11-07 00:54:13,372 - INFO - Downloaded D:\\MediaDatabase\pexels\monster\All\Illustrations\photos\HD\9-16\12446409.jpeg
2024-11-07 00:54:13,418 - INFO - Downloaded D:\\MediaDatabase\pexels\monster\All\Illustrations\photos\HD\9-16\1741231.jpeg
2024-11-07 00:54:13,504 - INFO - Downloaded D:\\MediaDatabase\pexels\monster\All\Illustrations\photos\HD\9-16\298825.jpeg
2024-11-07 00:54:13,579 - INFO - Downloaded D:\\MediaDatabase\pexels\monster\All\Illustrations\photos\HD\9-16\7231429.jpeg
2024-11-07 00:54:13,638 - INFO - Downloaded D:\\MediaDatabase\pexels\monster\All\Illustrations\photos\HD\9-16\8526623.jpeg
2024-11-07 00:54:16,339 - INFO - Downloaded D:\\MediaDatabase\pexels\monster\All\Illustrations\photos\HD\9-16\9740468.jpeg
2024-11-07 00:54:16,419 - INFO - Downloaded D:\\MediaDatabase\pexels\monster\All\Illustrations\photos\HD\9-16\6157226.jpeg
2024-11-07 00:54:17,475 - INFO - Downloaded D:\\MediaDatabase\pexels\monster\All\Illustrations\photos\HD\9-16\5427545.jpeg
2024-11-07 00:54:17,541 - INFO - Downloaded D:\\MediaDatabase\pexels\monster\All\Illustrations\photos\HD\9-16\12405511.jpeg
2024-11-07 00:54:18,267 - INFO - Downloaded D:\\MediaDatabase\pexels\monster\All\Illustrations\photos\HD\9-16\8975641.jpeg
2024-11-07 00:54:18,355 - INFO - Downloaded D:\\MediaDatabase\pexels\monster\All\Illustrations\photos\HD\9-16\7147711.jpeg
2024-11-07 00:54:18,406 - INFO - Downloaded D:\\MediaDatabase\pexels\monster\All\Illustrations\photos\HD\9-16\8923032.jpeg
2024-11-07 00:54:18,450 - INFO - Downloaded D:\\MediaDatabase\pexels\monster\All\Illustrations\photos\HD\9-16\8922331.jpeg
2024-11-07 00:54:18,502 - INFO - Downloaded D:\\MediaDatabase\pexels\monster\All\Illustrations\photos\HD\9-16\8922328.jpeg
2024-11-07 00:54:18,555 - INFO - Downloaded D:\\MediaDatabase\pexels\monster\All\Illustrations\photos\HD\9-16\8909612.jpeg
2024-11-07 00:54:21,909 - INFO - Downloaded D:\\MediaDatabase\pexels\monster\All\Illustrations\photos\HD\9-16\11170031.jpeg
2024-11-07 00:54:23,144 - INFO - Downloaded D:\\MediaDatabase\pexels\monster\All\Illustrations\photos\HD\9-16\5435562.jpeg
2024-11-07 00:54:24,349 - INFO - Downloaded D:\\MediaDatabase\pexels\monster\All\Illustrations\photos\HD\9-16\5427546.jpeg
2024-11-07 00:54:25,813 - INFO - Downloaded D:\\MediaDatabase\pexels\monster\All\Illustrations\photos\HD\9-16\5589911.jpeg
2024-11-07 00:54:25,878 - INFO - Downloaded D:\\MediaDatabase\pexels\monster\All\Illustrations\photos\HD\9-16\8466778.jpeg
2024-11-07 00:54:25,947 - INFO - Downloaded D:\\MediaDatabase\pexels\monster\All\Illustrations\photos\HD\9-16\3059750.jpeg
2024-11-07 00:54:25,996 - INFO - Downloaded D:\\MediaDatabase\pexels\monster\All\Illustrations\photos\HD\9-16\8421906.jpeg
2024-11-07 00:54:26,040 - INFO - Downloaded D:\\MediaDatabase\pexels\monster\All\Illustrations\photos\HD\9-16\5867737.jpeg
2024-11-07 00:54:27,114 - INFO - Downloaded D:\\MediaDatabase\pexels\monster\All\Illustrations\photos\HD\9-16\10566113.jpeg
2024-11-07 00:54:28,619 - INFO - Downloaded D:\\MediaDatabase\pexels\monster\All\Illustrations\photos\HD\9-16\10566467.jpeg
2024-11-07 00:54:28,687 - INFO - Downloaded D:\\MediaDatabase\pexels\monster\All\Illustrations\photos\HD\9-16\7147696.jpeg
2024-11-07 00:54:29,779 - INFO - Downloaded D:\\MediaDatabase\pexels\monster\All\Illustrations\photos\HD\9-16\5582798.jpeg
2024-11-07 00:54:31,055 - INFO - Downloaded D:\\MediaDatabase\pexels\monster\All\Illustrations\photos\HD\9-16\10474224.jpeg
2024-11-07 00:54:31,117 - INFO - Downloaded D:\\MediaDatabase\pexels\monster\All\Illustrations\photos\HD\9-16\8087858.jpeg
2024-11-07 00:54:31,195 - INFO - Downloaded D:\\MediaDatabase\pexels\monster\All\Illustrations\photos\HD\9-16\7018827.jpeg
2024-11-07 00:54:32,650 - INFO - Downloaded D:\\MediaDatabase\pexels\monster\All\Illustrations\photos\HD\9-16\5427547.jpeg
2024-11-07 00:54:32,709 - INFO - Downloaded D:\\MediaDatabase\pexels\monster\All\Illustrations\photos\HD\9-16\6925162.jpeg
2024-11-07 00:54:32,771 - INFO - Downloaded D:\\MediaDatabase\pexels\monster\All\Illustrations\photos\HD\9-16\6925184.jpeg
2024-11-07 00:54:33,719 - INFO - Downloaded D:\\MediaDatabase\pexels\monster\All\Illustrations\photos\HD\9-16\6156550.jpeg
2024-11-07 00:54:33,794 - INFO - Downloaded D:\\MediaDatabase\pexels\monster\All\Illustrations\photos\HD\9-16\7889181.jpeg
2024-11-07 00:54:33,843 - INFO - Downloaded D:\\MediaDatabase\pexels\monster\All\Illustrations\photos\HD\9-16\6044300.jpeg
2024-11-07 00:54:33,902 - INFO - Downloaded D:\\MediaDatabase\pexels\monster\All\Illustrations\photos\HD\9-16\7764404.jpeg
2024-11-07 00:54:35,073 - INFO - Downloaded D:\\MediaDatabase\pexels\monster\All\Illustrations\photos\HD\9-16\5589907.jpeg
2024-11-07 00:54:36,624 - INFO - Downloaded D:\\MediaDatabase\pexels\monster\All\Illustrations\photos\HD\9-16\5589915.jpeg
2024-11-07 00:54:38,232 - INFO - Downloaded D:\\MediaDatabase\pexels\monster\All\Illustrations\photos\HD\9-16\5583444.jpeg
2024-11-07 00:54:40,945 - INFO - Downloaded D:\\MediaDatabase\pexels\monster\All\Illustrations\photos\HD\9-16\9741907.jpeg
2024-11-07 00:54:42,036 - INFO - Downloaded D:\\MediaDatabase\pexels\monster\All\Illustrations\photos\HD\9-16\9740510.jpeg
2024-11-07 00:54:43,087 - INFO - Downloaded D:\\MediaDatabase\pexels\monster\All\Illustrations\photos\HD\9-16\7653090.jpeg
2024-11-07 00:54:43,323 - INFO - Downloaded D:\\MediaDatabase\pexels\monster\All\Illustrations\photos\HD\9-16\5427440.jpeg
2024-11-07 00:54:46,279 - INFO - Downloaded D:\\MediaDatabase\pexels\monster\All\Illustrations\photos\HD\9-16\9616028.jpeg
2024-11-07 00:54:47,256 - INFO - Downloaded D:\\MediaDatabase\pexels\monster\All\Illustrations\photos\HD\9-16\5676740.jpeg
2024-11-07 00:54:48,233 - INFO - Downloaded D:\\MediaDatabase\pexels\monster\All\Illustrations\photos\HD\9-16\2422178.jpeg
2024-11-07 00:54:49,080 - INFO - Downloaded D:\\MediaDatabase\pexels\monster\All\Illustrations\photos\HD\9-16\9414324.jpeg
2024-11-07 00:54:50,546 - INFO - Downloaded D:\\MediaDatabase\pexels\monster\All\Illustrations\photos\HD\9-16\5435559.jpeg
2024-11-07 00:54:51,561 - INFO - Downloaded D:\\MediaDatabase\pexels\monster\All\Illustrations\photos\HD\9-16\5435557.jpeg
2024-11-07 00:54:53,129 - INFO - Downloaded D:\\MediaDatabase\pexels\monster\All\Illustrations\photos\HD\9-16\5435454.jpeg
2024-11-07 00:54:55,812 - INFO - Downloaded D:\\MediaDatabase\pexels\monster\All\Illustrations\photos\HD\9-16\7394610.jpeg
2024-11-07 00:54:57,290 - INFO - Downloaded D:\\MediaDatabase\pexels\monster\All\Illustrations\photos\HD\9-16\4503504.jpeg
2024-11-07 00:54:59,835 - INFO - Downloaded D:\\MediaDatabase\pexels\monster\All\Illustrations\photos\HD\9-16\6274969.jpeg
2024-11-07 00:55:00,770 - INFO - Downloaded D:\\MediaDatabase\pexels\monster\All\Illustrations\photos\HD\9-16\7296382.jpeg
2024-11-07 00:55:03,443 - INFO - Downloaded D:\\MediaDatabase\pexels\monster\All\Illustrations\photos\HD\9-16\9146857.jpeg
2024-11-07 00:55:04,043 - INFO - Downloaded D:\\MediaDatabase\pexels\monster\All\Illustrations\photos\HD\9-16\9146884.jpeg
2024-11-07 00:55:04,585 - INFO - Downloaded D:\\MediaDatabase\pexels\monster\All\Illustrations\photos\HD\9-16\9146932.jpeg
2024-11-07 00:55:05,557 - INFO - Downloaded D:\\MediaDatabase\pexels\monster\All\Illustrations\photos\HD\9-16\9146919.jpeg
2024-11-07 00:55:06,315 - INFO - Downloaded D:\\MediaDatabase\pexels\monster\All\Illustrations\photos\HD\9-16\5590084.jpeg
2024-11-07 00:55:07,093 - INFO - Downloaded D:\\MediaDatabase\pexels\monster\All\Illustrations\photos\HD\9-16\5589910.jpeg
2024-11-07 00:55:11,457 - INFO - Downloaded D:\\MediaDatabase\pexels\monster\All\Illustrations\photos\HD\9-16\9086775.jpeg
2024-11-07 00:55:12,708 - INFO - Downloaded D:\\MediaDatabase\pexels\monster\All\Illustrations\photos\HD\9-16\5583535.jpeg
2024-11-07 00:55:13,901 - INFO - Downloaded D:\\MediaDatabase\pexels\monster\All\Illustrations\photos\HD\9-16\89625.jpeg
2024-11-07 00:55:14,963 - INFO - Downloaded D:\\MediaDatabase\pexels\monster\All\Illustrations\photos\HD\9-16\5582253.jpeg
2024-11-07 00:55:15,914 - INFO - Downloaded D:\\MediaDatabase\pexels\monster\All\Illustrations\photos\HD\9-16\5427450.jpeg
2024-11-07 00:55:16,726 - INFO - Downloaded D:\\MediaDatabase\pexels\monster\All\Illustrations\photos\HD\9-16\8923994.jpeg
2024-11-07 00:55:17,644 - INFO - Downloaded D:\\MediaDatabase\pexels\monster\All\Illustrations\photos\HD\9-16\8922329.jpeg
2024-11-07 00:55:18,630 - INFO - Downloaded D:\\MediaDatabase\pexels\monster\All\Illustrations\photos\HD\9-16\8913475.jpeg
2024-11-07 00:55:21,099 - INFO - Downloaded D:\\MediaDatabase\pexels\monster\All\Illustrations\photos\HD\9-16\8843949.jpeg
2024-11-07 00:55:21,849 - INFO - Downloaded D:\\MediaDatabase\pexels\monster\All\Illustrations\photos\HD\9-16\8843770.jpeg
2024-11-07 00:55:22,774 - INFO - Downloaded D:\\MediaDatabase\pexels\monster\All\Illustrations\photos\HD\9-16\8843715.jpeg
2024-11-07 00:55:22,835 - INFO - Downloaded D:\\MediaDatabase\pexels\monster\All\Illustrations\photos\HD\9-16\8718169.jpeg
2024-11-07 00:55:22,838 - INFO - Metadata saved to metadata\pexels_monster_All_Illustrations_photos_HD_9-16.json
2024-11-07 00:55:25,181 - INFO - Downloaded D:\\MediaDatabase\pexels\car\All\Illustrations\photos\HD\9-16\4480513.jpeg
2024-11-07 00:55:25,766 - INFO - Downloaded D:\\MediaDatabase\pexels\car\All\Illustrations\photos\HD\9-16\8361425.jpeg
2024-11-07 00:55:25,903 - INFO - Downloaded D:\\MediaDatabase\pexels\car\All\Illustrations\photos\HD\9-16\9086775.jpeg
2024-11-07 00:55:27,929 - INFO - Downloaded D:\\MediaDatabase\pexels\car\All\Illustrations\photos\HD\9-16\8698678.jpeg
2024-11-07 00:55:31,192 - INFO - Downloaded D:\\MediaDatabase\pexels\car\All\Illustrations\photos\HD\9-16\7997791.jpeg
2024-11-07 00:55:32,995 - INFO - Downloaded D:\\MediaDatabase\pexels\car\All\Illustrations\photos\HD\9-16\7946905.jpeg
2024-11-07 00:55:33,905 - INFO - Downloaded D:\\MediaDatabase\pexels\car\All\Illustrations\photos\HD\9-16\4481964.jpeg
2024-11-07 00:55:34,502 - INFO - Downloaded D:\\MediaDatabase\pexels\car\All\Illustrations\photos\HD\9-16\5550303.jpeg
2024-11-07 00:55:35,219 - INFO - Downloaded D:\\MediaDatabase\pexels\car\All\Illustrations\photos\HD\9-16\6518916.jpeg
2024-11-07 00:55:36,147 - INFO - Downloaded D:\\MediaDatabase\pexels\car\All\Illustrations\photos\HD\9-16\2935244.jpeg
2024-11-07 00:55:37,214 - INFO - Downloaded D:\\MediaDatabase\pexels\car\All\Illustrations\photos\HD\9-16\2833717.jpeg
2024-11-07 00:55:38,434 - INFO - Downloaded D:\\MediaDatabase\pexels\car\All\Illustrations\photos\HD\9-16\2370848.jpeg
2024-11-07 00:55:39,874 - INFO - Downloaded D:\\MediaDatabase\pexels\car\All\Illustrations\photos\HD\9-16\2097268.jpeg
2024-11-07 00:55:40,996 - INFO - Downloaded D:\\MediaDatabase\pexels\car\All\Illustrations\photos\HD\9-16\4887124.jpeg
2024-11-07 00:55:44,032 - INFO - Downloaded D:\\MediaDatabase\pexels\car\All\Illustrations\photos\HD\9-16\4887160.jpeg
2024-11-07 00:55:45,163 - INFO - Downloaded D:\\MediaDatabase\pexels\car\All\Illustrations\photos\HD\9-16\4480519.jpeg
2024-11-07 00:55:47,648 - INFO - Downloaded D:\\MediaDatabase\pexels\car\All\Illustrations\photos\HD\9-16\4481980.jpeg
2024-11-07 00:55:50,457 - INFO - Downloaded D:\\MediaDatabase\pexels\car\All\Illustrations\photos\HD\9-16\5675778.jpeg
2024-11-07 00:55:51,599 - INFO - Downloaded D:\\MediaDatabase\pexels\car\All\Illustrations\photos\HD\9-16\5550325.jpeg
2024-11-07 00:55:52,598 - INFO - Downloaded D:\\MediaDatabase\pexels\car\All\Illustrations\photos\HD\9-16\5195608.jpeg
2024-11-07 00:55:53,380 - INFO - Downloaded D:\\MediaDatabase\pexels\car\All\Illustrations\photos\HD\9-16\1724184.jpeg
2024-11-07 00:55:54,688 - INFO - Downloaded D:\\MediaDatabase\pexels\car\All\Illustrations\photos\HD\9-16\1426969.jpeg
2024-11-07 00:55:56,065 - INFO - Downloaded D:\\MediaDatabase\pexels\car\All\Illustrations\photos\HD\9-16\226463.jpeg
2024-11-07 00:55:56,872 - INFO - Downloaded D:\\MediaDatabase\pexels\car\All\Illustrations\photos\HD\9-16\18189892.jpeg
2024-11-07 00:55:59,227 - INFO - Downloaded D:\\MediaDatabase\pexels\car\All\Illustrations\photos\HD\9-16\9787521.jpeg
2024-11-07 00:56:00,486 - INFO - Downloaded D:\\MediaDatabase\pexels\car\All\Illustrations\photos\HD\9-16\13397721.jpeg
2024-11-07 00:56:03,242 - INFO - Downloaded D:\\MediaDatabase\pexels\car\All\Illustrations\photos\HD\9-16\13365839.jpeg
2024-11-07 00:56:03,818 - INFO - Downloaded D:\\MediaDatabase\pexels\car\All\Illustrations\photos\HD\9-16\10215985.jpeg
2024-11-07 00:56:04,879 - INFO - Downloaded D:\\MediaDatabase\pexels\car\All\Illustrations\photos\HD\9-16\10215980.jpeg
2024-11-07 00:56:08,033 - INFO - Downloaded D:\\MediaDatabase\pexels\car\All\Illustrations\photos\HD\9-16\13116235.jpeg
